{
  "RSpec": {
    "coverage": {
      "/Users/travis/Desktop/sites/imago/imago.rb": [
        null,
        null,
        null,
        null,
        16,
        null,
        null,
        1,
        1,
        null,
        null,
        null,
        null,
        null,
        null,
        null,
        null,
        null,
        null,
        null,
        null,
        null,
        null,
        null,
        null,
        null,
        null,
        null,
        null,
        1,
        4,
        4,
        4,
        null,
        null,
        null,
        null,
        null,
        null,
        null,
        null,
        null,
        null,
        1,
        4,
        null,
        null,
        4,
        null,
        null,
        null,
        null,
        8,
        4,
        1,
        null,
        1,
        null,
        1,
        null,
        0,
        null,
        null,
        null,
        0,
        0,
        null,
        1,
        1,
        1,
        null,
        null,
        null,
        4,
        null,
        null,
        null,
        null,
        null,
        null,
        null,
        null,
        null,
        1,
        4,
        null,
        1,
        null,
        null,
        null,
        1,
        1,
        null,
        null,
        1,
        1,
        null,
        null,
        null,
        0,
        0,
        0,
        null,
        null,
        0,
        0,
        0,
        null,
        null,
        null,
        null,
        2,
        2,
        2,
        null,
        null,
        null,
        null,
        null,
        null,
        null,
        null,
        1,
        11,
        null,
        null,
        11,
        2,
        null,
        null,
        null,
        11,
        2,
        null,
        null,
        null,
        11,
        2,
        null,
        null,
        11,
        null,
        null,
        null,
        null,
        null,
        null,
        null,
        1,
        30,
        null,
        null,
        null,
        null,
        null,
        null,
        null,
        null,
        null,
        1,
        1,
        null,
        null,
        null,
        null,
        null,
        null,
        null,
        null,
        null,
        null,
        null,
        1,
        null,
        1,
        null,
        null,
        null,
        1,
        null,
        null,
        null,
        null,
        null,
        null,
        null,
        1,
        7,
        7,
        2,
        null,
        5,
        null,
        7,
        null,
        null,
        null,
        null,
        null,
        1,
        2,
        null,
        null,
        null,
        null,
        null,
        null,
        null,
        null,
        null,
        null,
        null,
        1,
        null,
        2,
        2,
        2,
        null,
        null,
        null,
        null,
        null,
        null,
        1,
        2,
        null,
        null,
        null,
        null,
        null,
        1,
        3,
        null,
        null,
        null,
        null,
        null,
        1,
        4,
        null,
        null,
        null,
        null,
        null,
        4,
        null
      ],
      "/Users/travis/Desktop/sites/imago/config.rb": [
        null,
        null,
        1,
        null,
        1,
        1,
        1,
        1,
        null,
        null,
        1,
        0,
        0,
        null,
        2,
        null,
        null,
        null,
        1,
        1,
        null,
        null,
        1,
        null,
        0,
        0,
        null,
        null,
        null,
        0,
        0,
        null,
        null
      ]
    },
    "timestamp": 1396739950
  }
}
